<?xml version="1.0" encoding="UTF-8"?>
<!-- Generated by org.testng.reporters.JUnitXMLReporter -->
<testsuite ignored="0" hostname="DESKTOP-DFDJ1CR" failures="0" tests="5" name="AllTests" time="71.843" errors="0" timestamp="2026-04-06T10:23:01 IST">
  <testcase classname="com.div.project.tests.LoginTest" name="validLoginTest" time="0.316"/>
  <testcase classname="com.div.project.tests.InvalidLogin" name="invalidLogin" time="0.198"/>
  <testcase classname="com.div.project.tests.Addtocart" name="addItemTest" time="0.006"/>
  <testcase classname="com.div.project.tests.Cartvalidation" name="validateCart" time="2.889"/>
  <testcase classname="com.div.project.tests.Endtoend" name="fullFlow" time="1.883"/>
</testsuite> <!-- AllTests -->
