<?xml version="1.0" encoding="UTF-8"?>
<!-- Generated by org.testng.reporters.JUnitXMLReporter -->
<testsuite ignored="0" hostname="DESKTOP-DFDJ1CR" failures="0" tests="5" name="AllTests" time="12.834" errors="0" timestamp="2026-04-06T09:15:14 IST">
  <testcase classname="com.div.project.tests.LoginTest" name="validLoginTest" time="0.304"/>
  <testcase classname="com.div.project.tests.InvalidLogin" name="invalidLogin" time="0.24"/>
  <testcase classname="com.div.project.tests.Addtocart" name="addItemTest" time="0.003"/>
  <testcase classname="com.div.project.tests.Cartvalidation" name="validateCart" time="0.43"/>
  <testcase classname="com.div.project.tests.Endtoend" name="fullFlow" time="1.577"/>
</testsuite> <!-- AllTests -->
