<?xml version="1.0" encoding="UTF-8"?>
<testng-results ignored="0" total="1" passed="1" failed="0" skipped="0">
  <reporter-output>
  </reporter-output>
  <suite started-at="2026-03-30T09:43:40 IST" name="Default suite" finished-at="2026-03-30T09:43:40 IST" duration-ms="58">
    <groups>
    </groups>
    <test started-at="2026-03-30T09:43:40 IST" name="Default test" finished-at="2026-03-30T09:43:40 IST" duration-ms="58">
      <class name="com.div.project.SampleTest">
        <test-method signature="testDemo()[pri:0, instance:com.div.project.SampleTest@5c6648b0]" started-at="2026-03-30T09:43:40 IST" name="testDemo" finished-at="2026-03-30T09:43:40 IST" duration-ms="10" status="PASS">
          <reporter-output>
          </reporter-output>
        </test-method> <!-- testDemo -->
      </class> <!-- com.div.project.SampleTest -->
    </test> <!-- Default test -->
  </suite> <!-- Default suite -->
</testng-results>
