<?xml version="1.0" encoding="UTF-8"?>
<testng-results ignored="0" total="5" passed="5" failed="0" skipped="0">
  <reporter-output>
  </reporter-output>
  <suite started-at="2026-04-06T10:21:50 IST" name="CI_CD_Suite" finished-at="2026-04-06T10:23:01 IST" duration-ms="71843">
    <groups>
    </groups>
    <test started-at="2026-04-06T10:21:50 IST" name="AllTests" finished-at="2026-04-06T10:23:01 IST" duration-ms="71843">
      <class name="com.div.project.tests.Cartvalidation">
        <test-method is-config="true" signature="setup()[pri:0, instance:com.div.project.tests.Cartvalidation@6200f9cb]" started-at="2026-04-06T10:22:51 IST" name="setup" finished-at="2026-04-06T10:22:53 IST" duration-ms="1816" status="PASS">
          <reporter-output>
          </reporter-output>
        </test-method> <!-- setup -->
        <test-method signature="validateCart()[pri:0, instance:com.div.project.tests.Cartvalidation@6200f9cb]" started-at="2026-04-06T10:22:53 IST" name="validateCart" finished-at="2026-04-06T10:22:56 IST" duration-ms="2889" status="PASS">
          <reporter-output>
          </reporter-output>
        </test-method> <!-- validateCart -->
        <test-method is-config="true" signature="tearDown()[pri:0, instance:com.div.project.tests.Cartvalidation@6200f9cb]" started-at="2026-04-06T10:22:56 IST" name="tearDown" finished-at="2026-04-06T10:22:56 IST" duration-ms="150" status="PASS">
          <reporter-output>
          </reporter-output>
        </test-method> <!-- tearDown -->
      </class> <!-- com.div.project.tests.Cartvalidation -->
      <class name="com.div.project.tests.InvalidLogin">
        <test-method is-config="true" signature="setup()[pri:0, instance:com.div.project.tests.InvalidLogin@7c9d8e2]" started-at="2026-04-06T10:22:34 IST" name="setup" finished-at="2026-04-06T10:22:47 IST" duration-ms="13018" status="PASS">
          <reporter-output>
          </reporter-output>
        </test-method> <!-- setup -->
        <test-method signature="invalidLogin()[pri:0, instance:com.div.project.tests.InvalidLogin@7c9d8e2]" started-at="2026-04-06T10:22:47 IST" name="invalidLogin" finished-at="2026-04-06T10:22:48 IST" duration-ms="198" status="PASS">
          <reporter-output>
          </reporter-output>
        </test-method> <!-- invalidLogin -->
        <test-method is-config="true" signature="tearDown()[pri:0, instance:com.div.project.tests.InvalidLogin@7c9d8e2]" started-at="2026-04-06T10:22:48 IST" name="tearDown" finished-at="2026-04-06T10:22:48 IST" duration-ms="157" status="PASS">
          <reporter-output>
          </reporter-output>
        </test-method> <!-- tearDown -->
      </class> <!-- com.div.project.tests.InvalidLogin -->
      <class name="com.div.project.tests.LoginTest">
        <test-method is-config="true" signature="setup()[pri:0, instance:com.div.project.tests.LoginTest@3cd3e762]" started-at="2026-04-06T10:21:50 IST" name="setup" finished-at="2026-04-06T10:22:34 IST" duration-ms="44195" status="PASS">
          <reporter-output>
          </reporter-output>
        </test-method> <!-- setup -->
        <test-method signature="validLoginTest()[pri:0, instance:com.div.project.tests.LoginTest@3cd3e762]" started-at="2026-04-06T10:22:34 IST" name="validLoginTest" finished-at="2026-04-06T10:22:34 IST" duration-ms="316" status="PASS">
          <reporter-output>
          </reporter-output>
        </test-method> <!-- validLoginTest -->
        <test-method is-config="true" signature="tearDown()[pri:0, instance:com.div.project.tests.LoginTest@3cd3e762]" started-at="2026-04-06T10:22:34 IST" name="tearDown" finished-at="2026-04-06T10:22:34 IST" duration-ms="193" status="PASS">
          <reporter-output>
          </reporter-output>
        </test-method> <!-- tearDown -->
      </class> <!-- com.div.project.tests.LoginTest -->
      <class name="com.div.project.tests.Endtoend">
        <test-method is-config="true" signature="setup()[pri:0, instance:com.div.project.tests.Endtoend@2002fc1d]" started-at="2026-04-06T10:22:56 IST" name="setup" finished-at="2026-04-06T10:22:59 IST" duration-ms="3065" status="PASS">
          <reporter-output>
          </reporter-output>
        </test-method> <!-- setup -->
        <test-method signature="fullFlow()[pri:0, instance:com.div.project.tests.Endtoend@2002fc1d]" started-at="2026-04-06T10:22:59 IST" name="fullFlow" finished-at="2026-04-06T10:23:01 IST" duration-ms="1883" status="PASS">
          <reporter-output>
          </reporter-output>
        </test-method> <!-- fullFlow -->
        <test-method is-config="true" signature="tearDown()[pri:0, instance:com.div.project.tests.Endtoend@2002fc1d]" started-at="2026-04-06T10:23:01 IST" name="tearDown" finished-at="2026-04-06T10:23:01 IST" duration-ms="185" status="PASS">
          <reporter-output>
          </reporter-output>
        </test-method> <!-- tearDown -->
      </class> <!-- com.div.project.tests.Endtoend -->
      <class name="com.div.project.tests.Addtocart">
        <test-method is-config="true" signature="setup()[pri:0, instance:com.div.project.tests.Addtocart@20d525]" started-at="2026-04-06T10:22:48 IST" name="setup" finished-at="2026-04-06T10:22:51 IST" duration-ms="3546" status="PASS">
          <reporter-output>
          </reporter-output>
        </test-method> <!-- setup -->
        <test-method signature="addItemTest()[pri:0, instance:com.div.project.tests.Addtocart@20d525]" started-at="2026-04-06T10:22:51 IST" name="addItemTest" finished-at="2026-04-06T10:22:51 IST" duration-ms="6" status="PASS">
          <reporter-output>
          </reporter-output>
        </test-method> <!-- addItemTest -->
        <test-method is-config="true" signature="tearDown()[pri:0, instance:com.div.project.tests.Addtocart@20d525]" started-at="2026-04-06T10:22:51 IST" name="tearDown" finished-at="2026-04-06T10:22:51 IST" duration-ms="164" status="PASS">
          <reporter-output>
          </reporter-output>
        </test-method> <!-- tearDown -->
      </class> <!-- com.div.project.tests.Addtocart -->
    </test> <!-- AllTests -->
  </suite> <!-- CI_CD_Suite -->
</testng-results>
